{
  "stats": {
    "suites": 1,
    "tests": 1,
    "passes": 1,
    "pending": 0,
    "failures": 0,
    "start": "2026-04-26T04:10:43.067Z",
    "end": "2026-04-26T04:10:51.497Z",
    "duration": 8430,
    "testsRegistered": 1,
    "passPercent": 100,
    "pendingPercent": 0,
    "other": 0,
    "hasOther": false,
    "skipped": 0,
    "hasSkipped": false
  },
  "results": [
    {
      "uuid": "1711d22e-72e5-4be1-bc07-40034ef12048",
      "title": "",
      "fullFile": "cypress\\e2e\\_login\\ct06_sob_perfomance.cy.js",
      "file": "cypress\\e2e\\_login\\ct06_sob_perfomance.cy.js",
      "beforeHooks": [],
      "afterHooks": [],
      "tests": [],
      "suites": [
        {
          "uuid": "fbc604e8-7e2b-4e4e-87d5-bdc0d242a249",
          "title": "Página de login Saucedemo",
          "fullFile": "",
          "file": "",
          "beforeHooks": [],
          "afterHooks": [],
          "tests": [
            {
              "title": "Usuário válido sob perfomance ",
              "fullTitle": "Página de login Saucedemo Usuário válido sob perfomance ",
              "timedOut": null,
              "duration": 8322,
              "state": "passed",
              "speed": "medium",
              "pass": true,
              "fail": false,
              "pending": false,
              "context": null,
              "code": "cy.get('[data-test=\"username\"]').type(\"performance_glitch_user\");\ncy.get('[data-test=\"password\"]').type(\"secret_sauce\");\ncy.get('[data-test=\"login-button\"]').click();\n//tentando forçar erro de asserção por tempo, nesse usuário lento.\ncy.get('[data-test=\"login-button\"]', {\n  timeout: 1000\n}).should('not.exist');",
              "err": {},
              "uuid": "fa5b9935-41e3-46e1-b535-7983a701fe37",
              "parentUUID": "fbc604e8-7e2b-4e4e-87d5-bdc0d242a249",
              "isHook": false,
              "skipped": false
            }
          ],
          "suites": [],
          "passes": [
            "fa5b9935-41e3-46e1-b535-7983a701fe37"
          ],
          "failures": [],
          "pending": [],
          "skipped": [],
          "duration": 8322,
          "root": false,
          "rootEmpty": false,
          "_timeout": 2000
        }
      ],
      "passes": [],
      "failures": [],
      "pending": [],
      "skipped": [],
      "duration": 0,
      "root": true,
      "rootEmpty": true,
      "_timeout": 2000
    }
  ],
  "meta": {
    "mocha": {
      "version": "7.2.0"
    },
    "mochawesome": {
      "options": {
        "quiet": false,
        "reportFilename": "mochawesome",
        "saveHtml": true,
        "saveJson": true,
        "consoleReporter": "spec",
        "useInlineDiffs": false,
        "code": true
      },
      "version": "7.1.4"
    },
    "marge": {
      "options": {
        "reportDir": "cypress/results",
        "overwrite": false,
        "html": true,
        "json": true,
        "timestamp": "mmddyyyy_HHMMss"
      },
      "version": "6.3.2"
    }
  }
}