{
  "stats": {
    "suites": 1,
    "tests": 1,
    "passes": 1,
    "pending": 0,
    "failures": 0,
    "start": "2026-04-26T04:07:01.712Z",
    "end": "2026-04-26T04:07:03.462Z",
    "duration": 1750,
    "testsRegistered": 1,
    "passPercent": 100,
    "pendingPercent": 0,
    "other": 0,
    "hasOther": false,
    "skipped": 0,
    "hasSkipped": false
  },
  "results": [
    {
      "uuid": "86525958-d301-44e1-8d01-9b0c4f7b98c8",
      "title": "",
      "fullFile": "cypress\\e2e\\_login\\ct03_senha_invalida.cy.js",
      "file": "cypress\\e2e\\_login\\ct03_senha_invalida.cy.js",
      "beforeHooks": [],
      "afterHooks": [],
      "tests": [],
      "suites": [
        {
          "uuid": "ebb6aaa3-0cb8-4596-8b40-05bac3f60d63",
          "title": "Página de login Saucedemo",
          "fullFile": "",
          "file": "",
          "beforeHooks": [],
          "afterHooks": [],
          "tests": [
            {
              "title": "senha inválida - não deve entrar no sistema",
              "fullTitle": "Página de login Saucedemo senha inválida - não deve entrar no sistema",
              "timedOut": null,
              "duration": 1681,
              "state": "passed",
              "speed": "fast",
              "pass": true,
              "fail": false,
              "pending": false,
              "context": null,
              "code": "cy.get('[data-test=\"username\"]').type(\"locked_out_user\");\ncy.get('[data-test=\"password\"]').type(\"error\");\ncy.get('[data-test=\"login-button\"]').click();",
              "err": {},
              "uuid": "a8edcaf9-7096-4371-b2e0-f6e9d8c7dd53",
              "parentUUID": "ebb6aaa3-0cb8-4596-8b40-05bac3f60d63",
              "isHook": false,
              "skipped": false
            }
          ],
          "suites": [],
          "passes": [
            "a8edcaf9-7096-4371-b2e0-f6e9d8c7dd53"
          ],
          "failures": [],
          "pending": [],
          "skipped": [],
          "duration": 1681,
          "root": false,
          "rootEmpty": false,
          "_timeout": 2000
        }
      ],
      "passes": [],
      "failures": [],
      "pending": [],
      "skipped": [],
      "duration": 0,
      "root": true,
      "rootEmpty": true,
      "_timeout": 2000
    }
  ],
  "meta": {
    "mocha": {
      "version": "7.2.0"
    },
    "mochawesome": {
      "options": {
        "quiet": false,
        "reportFilename": "mochawesome",
        "saveHtml": true,
        "saveJson": true,
        "consoleReporter": "spec",
        "useInlineDiffs": false,
        "code": true
      },
      "version": "7.1.4"
    },
    "marge": {
      "options": {
        "reportDir": "cypress/results",
        "overwrite": false,
        "html": true,
        "json": true,
        "timestamp": "mmddyyyy_HHMMss"
      },
      "version": "6.3.2"
    }
  }
}