{
  "stats": {
    "suites": 1,
    "tests": 1,
    "passes": 1,
    "pending": 0,
    "failures": 0,
    "start": "2026-04-26T04:09:19.757Z",
    "end": "2026-04-26T04:09:22.533Z",
    "duration": 2776,
    "testsRegistered": 1,
    "passPercent": 100,
    "pendingPercent": 0,
    "other": 0,
    "hasOther": false,
    "skipped": 0,
    "hasSkipped": false
  },
  "results": [
    {
      "uuid": "f7ed877d-4768-4330-a9ff-ac447296ad73",
      "title": "",
      "fullFile": "cypress\\e2e\\_login\\ct01_user_valido.cy.js",
      "file": "cypress\\e2e\\_login\\ct01_user_valido.cy.js",
      "beforeHooks": [],
      "afterHooks": [],
      "tests": [],
      "suites": [
        {
          "uuid": "3d8325ca-2cdd-40d5-b3b5-b3b6b6bb985e",
          "title": "Página de login Saucedemo",
          "fullFile": "",
          "file": "",
          "beforeHooks": [],
          "afterHooks": [],
          "tests": [
            {
              "title": "Login válido mas sem toast notificacion(\"logado com sucesso\")",
              "fullTitle": "Página de login Saucedemo Login válido mas sem toast notificacion(\"logado com sucesso\")",
              "timedOut": null,
              "duration": 2621,
              "state": "passed",
              "speed": "fast",
              "pass": true,
              "fail": false,
              "pending": false,
              "context": null,
              "code": "cy.get('[data-test=\"username\"]').type(\"standard_user\"); //inserindo nomeS\ncy.get('[data-test=\"password\"]').type(\"secret_sauce\"); //inserindo senha   \ncy.get('[data-test=\"login-button\"]').click(); //clicando",
              "err": {},
              "uuid": "1f83132e-e325-4449-a03e-fa39d3154136",
              "parentUUID": "3d8325ca-2cdd-40d5-b3b5-b3b6b6bb985e",
              "isHook": false,
              "skipped": false
            }
          ],
          "suites": [],
          "passes": [
            "1f83132e-e325-4449-a03e-fa39d3154136"
          ],
          "failures": [],
          "pending": [],
          "skipped": [],
          "duration": 2621,
          "root": false,
          "rootEmpty": false,
          "_timeout": 2000
        }
      ],
      "passes": [],
      "failures": [],
      "pending": [],
      "skipped": [],
      "duration": 0,
      "root": true,
      "rootEmpty": true,
      "_timeout": 2000
    }
  ],
  "meta": {
    "mocha": {
      "version": "7.2.0"
    },
    "mochawesome": {
      "options": {
        "quiet": false,
        "reportFilename": "mochawesome",
        "saveHtml": true,
        "saveJson": true,
        "consoleReporter": "spec",
        "useInlineDiffs": false,
        "code": true
      },
      "version": "7.1.4"
    },
    "marge": {
      "options": {
        "reportDir": "cypress/results",
        "overwrite": false,
        "html": true,
        "json": true,
        "timestamp": "mmddyyyy_HHMMss"
      },
      "version": "6.3.2"
    }
  }
}