{
  "stats": {
    "suites": 1,
    "tests": 1,
    "passes": 1,
    "pending": 0,
    "failures": 0,
    "start": "2026-04-26T04:07:21.473Z",
    "end": "2026-04-26T04:07:28.948Z",
    "duration": 7475,
    "testsRegistered": 1,
    "passPercent": 100,
    "pendingPercent": 0,
    "other": 0,
    "hasOther": false,
    "skipped": 0,
    "hasSkipped": false
  },
  "results": [
    {
      "uuid": "f99db04f-b559-4230-a7ff-0ce6660ea376",
      "title": "",
      "fullFile": "cypress\\e2e\\_login\\ct06_sob_perfomance.cy.js",
      "file": "cypress\\e2e\\_login\\ct06_sob_perfomance.cy.js",
      "beforeHooks": [],
      "afterHooks": [],
      "tests": [],
      "suites": [
        {
          "uuid": "8d21dff8-1260-411d-bc6c-5742b4e93ba4",
          "title": "Página de login Saucedemo",
          "fullFile": "",
          "file": "",
          "beforeHooks": [],
          "afterHooks": [],
          "tests": [
            {
              "title": "Usuário válido sob perfomance ",
              "fullTitle": "Página de login Saucedemo Usuário válido sob perfomance ",
              "timedOut": null,
              "duration": 7260,
              "state": "passed",
              "speed": "medium",
              "pass": true,
              "fail": false,
              "pending": false,
              "context": null,
              "code": "cy.get('[data-test=\"username\"]').type(\"performance_glitch_user\");\ncy.get('[data-test=\"password\"]').type(\"secret_sauce\");\ncy.get('[data-test=\"login-button\"]').click();\n//tentando forçar erro de asserção por tempo, nesse usuário lento.\ncy.get('[data-test=\"login-button\"]', {\n  timeout: 1000\n}).should('not.exist');",
              "err": {},
              "uuid": "f9c2f3c3-1868-4f6f-b070-4406b642ea2f",
              "parentUUID": "8d21dff8-1260-411d-bc6c-5742b4e93ba4",
              "isHook": false,
              "skipped": false
            }
          ],
          "suites": [],
          "passes": [
            "f9c2f3c3-1868-4f6f-b070-4406b642ea2f"
          ],
          "failures": [],
          "pending": [],
          "skipped": [],
          "duration": 7260,
          "root": false,
          "rootEmpty": false,
          "_timeout": 2000
        }
      ],
      "passes": [],
      "failures": [],
      "pending": [],
      "skipped": [],
      "duration": 0,
      "root": true,
      "rootEmpty": true,
      "_timeout": 2000
    }
  ],
  "meta": {
    "mocha": {
      "version": "7.2.0"
    },
    "mochawesome": {
      "options": {
        "quiet": false,
        "reportFilename": "mochawesome",
        "saveHtml": true,
        "saveJson": true,
        "consoleReporter": "spec",
        "useInlineDiffs": false,
        "code": true
      },
      "version": "7.1.4"
    },
    "marge": {
      "options": {
        "reportDir": "cypress/results",
        "overwrite": false,
        "html": true,
        "json": true,
        "timestamp": "mmddyyyy_HHMMss"
      },
      "version": "6.3.2"
    }
  }
}