{
  "stats": {
    "suites": 1,
    "tests": 1,
    "passes": 1,
    "pending": 0,
    "failures": 0,
    "start": "2026-04-26T04:07:14.408Z",
    "end": "2026-04-26T04:07:15.883Z",
    "duration": 1475,
    "testsRegistered": 1,
    "passPercent": 100,
    "pendingPercent": 0,
    "other": 0,
    "hasOther": false,
    "skipped": 0,
    "hasSkipped": false
  },
  "results": [
    {
      "uuid": "fbfc3511-cc6a-4cd5-ab82-452a73129bd4",
      "title": "",
      "fullFile": "cypress\\e2e\\_login\\ct05_nao_cadastrado.cy.js",
      "file": "cypress\\e2e\\_login\\ct05_nao_cadastrado.cy.js",
      "beforeHooks": [],
      "afterHooks": [],
      "tests": [],
      "suites": [
        {
          "uuid": "8edd803e-4b41-4d90-91de-166397779e1a",
          "title": "Página de login Saucedemo",
          "fullFile": "",
          "file": "",
          "beforeHooks": [],
          "afterHooks": [],
          "tests": [
            {
              "title": "Usuário Fake - sem cadastrado no sistema",
              "fullTitle": "Página de login Saucedemo Usuário Fake - sem cadastrado no sistema",
              "timedOut": null,
              "duration": 1323,
              "state": "passed",
              "speed": "fast",
              "pass": true,
              "fail": false,
              "pending": false,
              "context": null,
              "code": "cy.get('[data-test=\"username\"]').type(\"paulo\");\ncy.get('[data-test=\"password\"]').type(\"1234\");\ncy.get('[data-test=\"login-button\"]').click();\n// capturando o elemento, verificando se tem a mensagem e se é vísivel.\ncy.get('[data-test=\"error\"]') // Encontrando mensagem do usuário não cadastrado no sistema.\n.should('be.visible').and('contain', 'Epic sadface: Username and password do not match any user in this service');",
              "err": {},
              "uuid": "1346113a-518c-4825-aced-e884e4fa70c0",
              "parentUUID": "8edd803e-4b41-4d90-91de-166397779e1a",
              "isHook": false,
              "skipped": false
            }
          ],
          "suites": [],
          "passes": [
            "1346113a-518c-4825-aced-e884e4fa70c0"
          ],
          "failures": [],
          "pending": [],
          "skipped": [],
          "duration": 1323,
          "root": false,
          "rootEmpty": false,
          "_timeout": 2000
        }
      ],
      "passes": [],
      "failures": [],
      "pending": [],
      "skipped": [],
      "duration": 0,
      "root": true,
      "rootEmpty": true,
      "_timeout": 2000
    }
  ],
  "meta": {
    "mocha": {
      "version": "7.2.0"
    },
    "mochawesome": {
      "options": {
        "quiet": false,
        "reportFilename": "mochawesome",
        "saveHtml": true,
        "saveJson": true,
        "consoleReporter": "spec",
        "useInlineDiffs": false,
        "code": true
      },
      "version": "7.1.4"
    },
    "marge": {
      "options": {
        "reportDir": "cypress/results",
        "overwrite": false,
        "html": true,
        "json": true,
        "timestamp": "mmddyyyy_HHMMss"
      },
      "version": "6.3.2"
    }
  }
}