{
  "stats": {
    "suites": 1,
    "tests": 1,
    "passes": 0,
    "pending": 0,
    "failures": 1,
    "start": "2026-04-26T04:10:17.272Z",
    "end": "2026-04-26T04:10:38.553Z",
    "duration": 21281,
    "testsRegistered": 1,
    "passPercent": 0,
    "pendingPercent": 0,
    "other": 0,
    "hasOther": false,
    "skipped": 0,
    "hasSkipped": false
  },
  "results": [
    {
      "uuid": "429f1338-2116-4f2f-b75f-9520cebde3b2",
      "title": "",
      "fullFile": "cypress\\e2e\\_login\\ct05_nao_cadastrado.cy.js",
      "file": "cypress\\e2e\\_login\\ct05_nao_cadastrado.cy.js",
      "beforeHooks": [],
      "afterHooks": [],
      "tests": [],
      "suites": [
        {
          "uuid": "0995efc1-25fb-456d-82db-45d7861c994f",
          "title": "Página de login Saucedemo",
          "fullFile": "",
          "file": "",
          "beforeHooks": [],
          "afterHooks": [],
          "tests": [
            {
              "title": "Usuário Fake - sem cadastrado no sistema",
              "fullTitle": "Página de login Saucedemo Usuário Fake - sem cadastrado no sistema",
              "timedOut": null,
              "duration": 21216,
              "state": "failed",
              "speed": null,
              "pass": false,
              "fail": true,
              "pending": false,
              "context": null,
              "code": "cy.get('[data-test=\"username\"]').type(\"paulo\");\ncy.get('[data-test=\"password\"]').type(\"1234\");\ncy.get('[data-test=\"login-button\"]').click();\n// capturando o elemento, verificando se tem a mensagem e se é vísivel.\ncy.get('[data-test=\"error\"]') // Encontrando mensagem do usuário não cadastrado no sistema.\n.should('be.visible').and('contain', 'Epic sadface: Username and password do not match any user in this service');",
              "err": {
                "message": "CypressError: `cy.visit()` failed trying to load:\n\nhttps://www.saucedemo.com/\n\nWe attempted to make an http request to this URL but the request failed without a response.\n\nWe received this error at the network level:\n\n  > Error: connect ETIMEDOUT 185.199.111.153:443\n\nCommon situations why this would fail:\n  - you don't have internet access\n  - you forgot to run / boot your web server\n  - your web server isn't accessible\n  - you have weird network configuration settings on your computer\n\nBecause this error occurred during a `before each` hook we are skipping the remaining tests in the current suite: `Página de login Saucedemo`",
                "estack": "CypressError: `cy.visit()` failed trying to load:\n\nhttps://www.saucedemo.com/\n\nWe attempted to make an http request to this URL but the request failed without a response.\n\nWe received this error at the network level:\n\n  > Error: connect ETIMEDOUT 185.199.111.153:443\n\nCommon situations why this would fail:\n  - you don't have internet access\n  - you forgot to run / boot your web server\n  - your web server isn't accessible\n  - you have weird network configuration settings on your computer\n\nBecause this error occurred during a `before each` hook we are skipping the remaining tests in the current suite: `Página de login Saucedemo`\n    at <unknown> (https://www.saucedemo.com/__cypress/runner/cypress_runner.js:135162:74)\n    at visitFailedByErr (https://www.saucedemo.com/__cypress/runner/cypress_runner.js:134736:12)\n    at <unknown> (https://www.saucedemo.com/__cypress/runner/cypress_runner.js:135161:11)\n    at tryCatcher (https://www.saucedemo.com/__cypress/runner/cypress_runner.js:1777:23)\n    at Promise._settlePromiseFromHandler (https://www.saucedemo.com/__cypress/runner/cypress_runner.js:1489:31)\n    at Promise._settlePromise (https://www.saucedemo.com/__cypress/runner/cypress_runner.js:1546:18)\n    at Promise._settlePromise0 (https://www.saucedemo.com/__cypress/runner/cypress_runner.js:1591:10)\n    at Promise._settlePromises (https://www.saucedemo.com/__cypress/runner/cypress_runner.js:1667:18)\n    at _drainQueueStep (https://www.saucedemo.com/__cypress/runner/cypress_runner.js:2377:12)\n    at _drainQueue (https://www.saucedemo.com/__cypress/runner/cypress_runner.js:2370:9)\n    at Async._drainQueues (https://www.saucedemo.com/__cypress/runner/cypress_runner.js:2386:5)\n    at Async.drainQueues (https://www.saucedemo.com/__cypress/runner/cypress_runner.js:2256:14)\nFrom Your Spec Code:\n    at Context.eval (webpack://qa_interface_e2e/./cypress/e2e/_login/ct05_nao_cadastrado.cy.js:4:7)\n\nFrom Node.js Internals:\n  Error: connect ETIMEDOUT 185.199.111.153:443\n      at TCPConnectWrap.afterConnect [as oncomplete] (node:net:1637:16)",
                "diff": null
              },
              "uuid": "cdba9949-ccab-4bc6-a9bc-0ce39bc9886d",
              "parentUUID": "0995efc1-25fb-456d-82db-45d7861c994f",
              "isHook": false,
              "skipped": false
            }
          ],
          "suites": [],
          "passes": [],
          "failures": [
            "cdba9949-ccab-4bc6-a9bc-0ce39bc9886d"
          ],
          "pending": [],
          "skipped": [],
          "duration": 21216,
          "root": false,
          "rootEmpty": false,
          "_timeout": 2000
        }
      ],
      "passes": [],
      "failures": [],
      "pending": [],
      "skipped": [],
      "duration": 0,
      "root": true,
      "rootEmpty": true,
      "_timeout": 2000
    }
  ],
  "meta": {
    "mocha": {
      "version": "7.2.0"
    },
    "mochawesome": {
      "options": {
        "quiet": false,
        "reportFilename": "mochawesome",
        "saveHtml": true,
        "saveJson": true,
        "consoleReporter": "spec",
        "useInlineDiffs": false,
        "code": true
      },
      "version": "7.1.4"
    },
    "marge": {
      "options": {
        "reportDir": "cypress/results",
        "overwrite": false,
        "html": true,
        "json": true,
        "timestamp": "mmddyyyy_HHMMss"
      },
      "version": "6.3.2"
    }
  }
}